(ARCTools Version 1.2.8)
 HexLoc     DecLoc    MachWord   Label        Instruction                Comment
                                                                         ! Program 2
                                              .begin                     
                                              .org 2048                  
00000800  0000002048  c2002824  m_start:      ld [2084], %r1             !11 00001 000000 00000 1 0100000100100   load x into %r1
00000804  0000002052  c4002828                ld [2088], %r2             !11 00010 000000 00000 1 0100000101000   load y into %r2
00000808  0000002056  80a04002                subcc %r1, %r2, %r0        !10 00000 010100 00001 0 00000000 00010  subtract %r1 and %r2 then store into %r0
0000080c  0000002060  1e800003                bne 3                      !00 0 1111 010 0000000000000000000011 branch if not equal to zero into memory location else
00000810  0000002064  86884002                andcc %r1, %r2, %r3        !10 00011 010001 00001 0 00000000 00010 bitwise logical and to %r3
00000814  0000002068  10800002                ba 2                       !00 0 1000 010 0000000000000000000010 branch always into done
00000818  0000002072  86904002  else:         orcc %r1, %r2, %r3         !10000110100100000100000000000010 bitwise logical or to %r3
0000081c  0000002076  c620282c  done:         st %r3, [2092]             !11 00011 000100 00000 1 01000001 01100 store %r3 into a
00000820  0000002080  81c3e004                jmpl %r15, 4, %r0          !10 0 0000 111 0000111110000000000100 Return to calling function
00000824  0000002084  0000001e  x:                                       
00000828  0000002088  00000030  y:                                       
0000082c  0000002092  00000000  a:                                       
                                              .org 0                     ! the content of %r3 is 111110

--- Symbol Table ---
x: 2084
a: 2092
done: 2076
m_start: 2048
else: 2072
y: 2088
