(ARCTools Version 1.2.8)
 HexLoc     DecLoc    MachWord   Label        Instruction                Comment
                                              .begin                     
                                              .org 2048                  
00000800  0000002048  c4002bb8  main:         ld [3000], %r2             !11 00010 000000 00000 1 0101110111000 load x into %r2
00000804  0000002052  80a06004  top:          subcc %r1, 4, %r0          !10 00000 010100 00001 1 0000000000100 subtract %r1 and 4 then store into %r0
00000808  0000002056  02800004                be 4                       !00 0 0001 010 0000000000000000000100 branch if zero into done
0000080c  0000002060  8530a001                srl %r2, 1, %r2            !10 00010 100 1100001010000000000001 shift right by 1 digit from %r2 and store into %r2 
00000810  0000002064  82806001                addcc %r1, 1, %r1          !10 00001 010000 00001 1 0000000000001 add %r1 and 1 then store into %r1
00000814  0000002068  10bffffc                ba -4                      !00 0 1000 010 1111111111111111111100 branch always to the memory location top
00000818  0000002072  c6202bbc  done:         st %r3, [3004]             !11 00011 000100 00000 1 0101110111100 store %r3 into y
0000081c  0000002076  81c3e004                jmpl %r15, 4, %r0          !10 0 0000 111 0000111110000000000100 return to calling function
                                              .org 3000                  
00000bb8  0000003000  00000320  x:                                       
00000bbc  0000003004  00000000  y:                                       
                                              .org 0                     !the content of %r1 is 100

--- Symbol Table ---
x: 3000
main: 2048
done: 2072
top: 2052
y: 3004
